[debug] [2023-01-04T21:26:54.409Z] ----------------------------------------------------------------------
[debug] [2023-01-04T21:26:54.414Z] Command:       C:\Program Files\nodejs\node.exe C:\Users\EMMANUEL\AppData\Roaming\npm\node_modules\firebase-tools\lib\bin\firebase.js init
[debug] [2023-01-04T21:26:54.416Z] CLI Version:   11.19.0
[debug] [2023-01-04T21:26:54.416Z] Platform:      win32
[debug] [2023-01-04T21:26:54.417Z] Node Version:  v16.13.0
[debug] [2023-01-04T21:26:54.419Z] Time:          Wed Jan 04 2023 23:26:54 GMT+0200 (South Africa Standard Time)
[debug] [2023-01-04T21:26:54.419Z] ----------------------------------------------------------------------
[debug] 
[debug] [2023-01-04T21:26:54.605Z] > command requires scopes: ["email","openid","https://www.googleapis.com/auth/cloudplatformprojects.readonly","https://www.googleapis.com/auth/firebase","https://www.googleapis.com/auth/cloud-platform"]
[debug] [2023-01-04T21:26:54.606Z] > authorizing via signed-in user (thulisile.ma98@gmail.com)
[info] 
     ######## #### ########  ######## ########     ###     ######  ########
     ##        ##  ##     ## ##       ##     ##  ##   ##  ##       ##
     ######    ##  ########  ######   ########  #########  ######  ######
     ##        ##  ##    ##  ##       ##     ## ##     ##       ## ##
     ##       #### ##     ## ######## ########  ##     ##  ######  ########

You're about to initialize a Firebase project in this directory:

  C:\Users\EMMANUEL\Documents\webCv\MyCv

Before we get started, keep in mind:

  * You are initializing within an existing Firebase project directory

[info] 
=== Project Setup
[info] 
[info] First, let's associate this project directory with a Firebase project.
[info] You can create multiple project aliases by running firebase use --add, 
[info] but for now we'll just set up a default project.
[info] 
[debug] [2023-01-04T21:27:16.978Z] Using project from CLI flag: web-cv-25a25
[debug] [2023-01-04T21:27:16.982Z] > refreshing access token with scopes: []
[debug] [2023-01-04T21:27:16.986Z] >>> [apiv2][query] POST https://www.googleapis.com/oauth2/v3/token [none]
[debug] [2023-01-04T21:27:16.987Z] >>> [apiv2][body] POST https://www.googleapis.com/oauth2/v3/token [omitted]
[debug] [2023-01-04T21:27:17.625Z] <<< [apiv2][status] POST https://www.googleapis.com/oauth2/v3/token 200
[debug] [2023-01-04T21:27:17.625Z] <<< [apiv2][body] POST https://www.googleapis.com/oauth2/v3/token [omitted]
[debug] [2023-01-04T21:27:17.791Z] >>> [apiv2][query] GET https://firebase.googleapis.com/v1beta1/projects/web-cv-25a25 [none]
[debug] [2023-01-04T21:27:18.661Z] <<< [apiv2][status] GET https://firebase.googleapis.com/v1beta1/projects/web-cv-25a25 200
[debug] [2023-01-04T21:27:18.662Z] <<< [apiv2][body] GET https://firebase.googleapis.com/v1beta1/projects/web-cv-25a25 {"projectId":"web-cv-25a25","projectNumber":"136752693468","displayName":"web cv","name":"projects/web-cv-25a25","resources":{"hostingSite":"web-cv-25a25"},"state":"ACTIVE","etag":"1_886a0c42-848f-4c99-813b-8ae4fd937e86"}
[info] i  Using project web-cv-25a25 (web cv) 
[info] 
=== Hosting Setup
[info] 
[info] Your public directory is the folder (relative to your project directory) that
[info] will contain Hosting assets to be uploaded with firebase deploy. If you
[info] have a build process for your assets, use your build's output directory.
[info] 
[debug] [2023-01-04T21:27:30.611Z] >>> [apiv2][query] GET https://www.gstatic.com/firebasejs/releases.json [none]
[debug] [2023-01-04T21:27:30.945Z] <<< [apiv2][status] GET https://www.gstatic.com/firebasejs/releases.json 200
[debug] [2023-01-04T21:27:30.946Z] <<< [apiv2][body] GET https://www.gstatic.com/firebasejs/releases.json {"current":{"version":"9.15.0","browserURL":"https://www.gstatic.com/firebasejs/9.15.0/firebase.js","packageURL":"https://www.gstatic.com/firebasejs/9.15.0/firebase.tgz"},"live":{"version":"9.15","browserURL":"https://www.gstatic.com/firebasejs/live/9.15/firebase.js","packageURL":"https://www.gstatic.com/firebasejs/live/9.15/firebase.tgz"},"components":{"analytics":"https://www.gstatic.com/firebasejs/9.15.0/firebase-analytics.js","app":"https://www.gstatic.com/firebasejs/9.15.0/firebase-app.js","app-check":"https://www.gstatic.com/firebasejs/9.15.0/firebase-app-check.js","auth":"https://www.gstatic.com/firebasejs/9.15.0/firebase-auth.js","auth/cordova":"https://www.gstatic.com/firebasejs/9.15.0/firebase-auth/cordova.js","auth/react-native":"https://www.gstatic.com/firebasejs/9.15.0/firebase-auth/react-native.js","functions":"https://www.gstatic.com/firebasejs/9.15.0/firebase-functions.js","firestore":"https://www.gstatic.com/firebasejs/9.15.0/firebase-firestore.js","firestore/lite":"https://www.gstatic.com/firebasejs/9.15.0/firebase-firestore/lite.js","installations":"https://www.gstatic.com/firebasejs/9.15.0/firebase-installations.js","storage":"https://www.gstatic.com/firebasejs/9.15.0/firebase-storage.js","performance":"https://www.gstatic.com/firebasejs/9.15.0/firebase-performance.js","remote-config":"https://www.gstatic.com/firebasejs/9.15.0/firebase-remote-config.js","messaging":"https://www.gstatic.com/firebasejs/9.15.0/firebase-messaging.js","messaging/sw":"https://www.gstatic.com/firebasejs/9.15.0/firebase-messaging/sw.js","database":"https://www.gstatic.com/firebasejs/9.15.0/firebase-database.js","firestore.memory":"https://www.gstatic.com/firebasejs/9.15.0/firebase-firestore.memory.js"}}
[info] +  Wrote www/index.html 
[info] 
[info] i  Detected a .git folder at C:\Users\EMMANUEL\Documents\webCv\MyCv 
[info] i  Authorizing with GitHub to upload your service account to a GitHub repository's secrets store. 
[info] 
[info] Visit this URL on this device to log in:
[info] https://github.com/login/oauth/authorize?client_id=89cf50f02ac6aaed3484&state=953641031&redirect_uri=http%3A%2F%2Flocalhost%3A9005&scope=read%3Auser%20repo%20public_repo
[info] 
[info] Waiting for authentication...
[debug] [2023-01-04T21:27:35.531Z] >>> [apiv2][query] POST https://github.com/login/oauth/access_token [none]
[debug] [2023-01-04T21:27:35.532Z] >>> [apiv2][body] POST https://github.com/login/oauth/access_token [stream]
[debug] [2023-01-04T21:27:36.496Z] <<< [apiv2][status] POST https://github.com/login/oauth/access_token 200
[debug] [2023-01-04T21:27:36.496Z] <<< [apiv2][body] POST https://github.com/login/oauth/access_token {"access_token":"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","token_type":"bearer","scope":"read:user,repo"}
[debug] [2023-01-04T21:27:36.562Z] >>> [apiv2][query] GET https://api.github.com/user [none]
[debug] [2023-01-04T21:27:37.778Z] <<< [apiv2][status] GET https://api.github.com/user 200
[debug] [2023-01-04T21:27:37.778Z] <<< [apiv2][body] GET https://api.github.com/user {"login":"thulisile98","id":94038615,"node_id":"U_kgDOBZrqVw","avatar_url":"https://avatars.githubusercontent.com/u/94038615?v=4","gravatar_id":"","url":"https://api.github.com/users/thulisile98","html_url":"https://github.com/thulisile98","followers_url":"https://api.github.com/users/thulisile98/followers","following_url":"https://api.github.com/users/thulisile98/following{/other_user}","gists_url":"https://api.github.com/users/thulisile98/gists{/gist_id}","starred_url":"https://api.github.com/users/thulisile98/starred{/owner}{/repo}","subscriptions_url":"https://api.github.com/users/thulisile98/subscriptions","organizations_url":"https://api.github.com/users/thulisile98/orgs","repos_url":"https://api.github.com/users/thulisile98/repos","events_url":"https://api.github.com/users/thulisile98/events{/privacy}","received_events_url":"https://api.github.com/users/thulisile98/received_events","type":"User","site_admin":false,"name":"MASHEGO-MARGRET-ANGEL","company":null,"blog":"","location":null,"email":null,"hireable":null,"bio":null,"twitter_username":null,"public_repos":11,"public_gists":0,"followers":0,"following":0,"created_at":"2021-11-10T07:07:33Z","updated_at":"2022-12-09T21:03:50Z","private_gists":0,"total_private_repos":3,"owned_private_repos":3,"disk_usage":44470,"collaborators":1,"two_factor_authentication":false,"plan":{"name":"free","space":976562499,"collaborators":0,"private_repos":10000}}
[info] 
[info] +  Success! Logged into GitHub as thulisile98 
[info] 
